<?xml version="1.0" encoding="UTF-8"?>
<!-- Generated by org.testng.reporters.JUnitReportReporter -->
<testsuite hostname="Ashutosh" failures="0" tests="1" name="books.TC_DWS_001_Test" time="4.016" errors="0" timestamp="2025-04-12T12:23:37 IST" skipped="0">
  <testcase classname="books.TC_DWS_001_Test" name="clickOnBooks" time="4.016"/>
  <system-out/>
</testsuite> <!-- books.TC_DWS_001_Test -->
