<?xml version="1.0" encoding="UTF-8"?>
<!-- Generated by org.testng.reporters.JUnitReportReporter -->
<testsuite hostname="Ashutosh" failures="0" tests="2" name="books.TC_DWS_001_Test" time="11.559" errors="0" timestamp="2025-04-13T10:54:26 IST" skipped="0">
  <testcase classname="books.TC_DWS_001_Test" name="clickOnComputer" time="5.258"/>
  <system-out/>
  <testcase classname="books.TC_DWS_001_Test" name="clickOnBooks" time="6.301"/>
  <system-out/>
</testsuite> <!-- books.TC_DWS_001_Test -->
